<?xml version="1.0" encoding="UTF-8"?>
<!-- Generated by org.testng.reporters.JUnitXMLReporter -->
<testsuite ignored="6" hostname="DESKTOP-EGGGCKN" failures="0" tests="11" name="GUI Tests" time="294.599" errors="0" timestamp="2026-06-13T00:31:24 IST">
  <testcase classname="testcases.FormTest" name="fillFormTest" time="15.056"/>
  <testcase classname="testcases.AlertTest" name="alertValidation" time="14.193"/>
  <testcase classname="testcases.DragDropTest" name="dragDropValidation" time="20.367"/>
  <testcase classname="testcases.MouseActionTest" name="mouseActionValidation" time="27.398"/>
  <testcase classname="testcases.NavigationScrollTest" name="homeSection" time="17.884"/>
  <testcase classname="testcases.NavigationScrollTest" name="udemySection" time="18.788"/>
  <testcase classname="testcases.NavigationScrollTest" name="onlineTrainingSection" time="16.315"/>
  <testcase classname="testcases.NavigationScrollTest" name="blogSection" time="17.66"/>
  <testcase classname="testcases.NavigationScrollTest" name="playwrightPracticeSection" time="18.136"/>
  <testcase classname="testcases.ScrollTest" name="scrollValidation" time="36.491"/>
  <testcase classname="testcases.UploadTest" name="uploadFileTest" time="8.081"/>
  <testcase classname="base.BaseTest" name="@AfterSuite generateReport" time="0.0">
    <ignored/>
  </testcase> <!-- @AfterSuite generateReport -->
  <testcase classname="base.BaseTest" name="@AfterSuite generateReport" time="0.0">
    <ignored/>
  </testcase> <!-- @AfterSuite generateReport -->
  <testcase classname="base.BaseTest" name="@AfterSuite generateReport" time="0.0">
    <ignored/>
  </testcase> <!-- @AfterSuite generateReport -->
  <testcase classname="base.BaseTest" name="@AfterSuite generateReport" time="0.0">
    <ignored/>
  </testcase> <!-- @AfterSuite generateReport -->
  <testcase classname="base.BaseTest" name="@AfterSuite generateReport" time="0.0">
    <ignored/>
  </testcase> <!-- @AfterSuite generateReport -->
  <testcase classname="base.BaseTest" name="@AfterSuite generateReport" time="0.0">
    <ignored/>
  </testcase> <!-- @AfterSuite generateReport -->
</testsuite> <!-- GUI Tests -->
