<?xml version="1.0" encoding="UTF-8"?>
<testng-results ignored="0" total="1" passed="1" failed="0" skipped="0">
  <reporter-output>
  </reporter-output>
  <suite started-at="2026-06-06T14:47:27 IST" name="FlightBookingSuite" finished-at="2026-06-06T14:47:38 IST" duration-ms="10949">
    <groups>
    </groups>
    <test started-at="2026-06-06T14:47:27 IST" name="FlightBookingTest" finished-at="2026-06-06T14:47:38 IST" duration-ms="10949">
      <class name="tests.FlightBookingTest">
        <test-method is-config="true" signature="setup()[pri:0, instance:tests.FlightBookingTest@3754a4bf]" started-at="2026-06-06T14:47:27 IST" name="setup" finished-at="2026-06-06T14:47:34 IST" duration-ms="7489" status="PASS">
          <reporter-output>
          </reporter-output>
        </test-method> <!-- setup -->
        <test-method signature="bookFlightTest()[pri:0, instance:tests.FlightBookingTest@3754a4bf]" started-at="2026-06-06T14:47:34 IST" name="bookFlightTest" finished-at="2026-06-06T14:47:38 IST" duration-ms="3159" status="PASS">
          <reporter-output>
          </reporter-output>
        </test-method> <!-- bookFlightTest -->
        <test-method is-config="true" signature="tearDown()[pri:0, instance:tests.FlightBookingTest@3754a4bf]" started-at="2026-06-06T14:47:38 IST" name="tearDown" finished-at="2026-06-06T14:47:38 IST" duration-ms="252" status="PASS">
          <reporter-output>
          </reporter-output>
        </test-method> <!-- tearDown -->
      </class> <!-- tests.FlightBookingTest -->
    </test> <!-- FlightBookingTest -->
  </suite> <!-- FlightBookingSuite -->
</testng-results>
