<?xml version="1.0" encoding="UTF-8"?>
<!-- Generated by org.testng.reporters.JUnitXMLReporter -->
<testsuite ignored="6" hostname="DESKTOP-EGGGCKN" failures="2" tests="11" name="GUI Tests" time="356.687" errors="0" timestamp="2026-06-08T17:44:12 IST">
  <testcase classname="testcases.FormTest" name="fillFormTest" time="0.097">
    <failure type="java.io.FileNotFoundException" message="C:\Users\SumanKumar\eclipse-workspace\GUIElement_Capstone\src\test\resources\testdata\TestData1.xlsx (The system cannot find the file specified)">
      <![CDATA[java.io.FileNotFoundException: C:\Users\SumanKumar\eclipse-workspace\GUIElement_Capstone\src\test\resources\testdata\TestData1.xlsx (The system cannot find the file specified)
at java.base/java.io.FileInputStream.open0(Native Method)
at java.base/java.io.FileInputStream.open(FileInputStream.java:213)
at java.base/java.io.FileInputStream.<init>(FileInputStream.java:152)
at java.base/java.io.FileInputStream.<init>(FileInputStream.java:106)
at utilities.ExcelUtils.getCellData(ExcelUtils.java:17)
at testcases.FormTest.fillFormTest(FormTest.java:28)
at java.base/java.util.ArrayList.forEach(ArrayList.java:1596)
... Removed 25 stack frames]]>
    </failure>
  </testcase> <!-- fillFormTest -->
  <testcase classname="testcases.AlertTest" name="alertValidation" time="14.218"/>
  <testcase classname="testcases.DragDropTest" name="dragDropValidation" time="20.436"/>
  <testcase classname="testcases.MouseActionTest" name="mouseActionValidation" time="27.46"/>
  <testcase classname="testcases.NavigationScrollTest" name="homeSection" time="18.46"/>
  <testcase classname="testcases.NavigationScrollTest" name="udemySection" time="52.751"/>
  <testcase classname="testcases.NavigationScrollTest" name="onlineTrainingSection" time="23.569"/>
  <testcase classname="testcases.NavigationScrollTest" name="blogSection" time="19.235"/>
  <testcase classname="testcases.NavigationScrollTest" name="playwrightPracticeSection" time="18.368"/>
  <testcase classname="testcases.ScrollTest" name="scrollValidation" time="36.549"/>
  <testcase classname="testcases.UploadTest" name="uploadFileTest" time="6.169">
    <failure type="org.openqa.selenium.InvalidArgumentException" message="invalid argument: File not found : C:\Users\naren\OneDrive\TestData1.xlsx
  (Session info: chrome=148.0.7778.218)
Build info: version: &amp;apos;4.22.0&amp;apos;, revision: &amp;apos;c5f3146703*&amp;apos;
System info: os.name: &amp;apos;Windows 11&amp;apos;, os.arch: &amp;apos;amd64&amp;apos;, os.version: &amp;apos;10.0&amp;apos;, java.version: &amp;apos;21.0.10&amp;apos;
Driver info: org.openqa.selenium.chrome.ChromeDriver
Command: [324fcebb08cadc4184987c66b8352afc, sendKeysToElement {value=[Ljava.lang.CharSequence;@33e4b9c4, id=f.A6D576C6F6B253996354CCC8F2B97DA8.d.FB33A211A58F627363253F9C1E1156E9.e.165}]
Capabilities {acceptInsecureCerts: false, browserName: chrome, browserVersion: 148.0.7778.218, chrome: {chromedriverVersion: 148.0.7778.178 (d096af1c9e9..., userDataDir: C:\Users\SUMANK~1\AppData\L...}, fedcm:accounts: true, goog:chromeOptions: {debuggerAddress: localhost:55599}, goog:processID: 9192, networkConnectionEnabled: false, pageLoadStrategy: normal, platformName: windows, proxy: Proxy(), se:cdp: ws://localhost:55599/devtoo..., se:cdpVersion: 148.0.7778.218, setWindowRect: true, strictFileInteractability: false, timeouts: {implicit: 0, pageLoad: 300000, script: 30000}, unhandledPromptBehavior: dismiss and notify, webauthn:extension:credBlob: true, webauthn:extension:largeBlob: true, webauthn:extension:minPinLength: true, webauthn:extension:prf: true, webauthn:virtualAuthenticators: true}
Element: [[ChromeDriver: chrome on windows (324fcebb08cadc4184987c66b8352afc)] -&amp;gt; id: singleFileInput]
Session ID: 324fcebb08cadc4184987c66b8352afc">
      <![CDATA[org.openqa.selenium.InvalidArgumentException: invalid argument: File not found : C:\Users\naren\OneDrive\TestData1.xlsx
  (Session info: chrome=148.0.7778.218)
Build info: version: '4.22.0', revision: 'c5f3146703*'
System info: os.name: 'Windows 11', os.arch: 'amd64', os.version: '10.0', java.version: '21.0.10'
Driver info: org.openqa.selenium.chrome.ChromeDriver
Command: [324fcebb08cadc4184987c66b8352afc, sendKeysToElement {value=[Ljava.lang.CharSequence;@33e4b9c4, id=f.A6D576C6F6B253996354CCC8F2B97DA8.d.FB33A211A58F627363253F9C1E1156E9.e.165}]
Capabilities {acceptInsecureCerts: false, browserName: chrome, browserVersion: 148.0.7778.218, chrome: {chromedriverVersion: 148.0.7778.178 (d096af1c9e9..., userDataDir: C:\Users\SUMANK~1\AppData\L...}, fedcm:accounts: true, goog:chromeOptions: {debuggerAddress: localhost:55599}, goog:processID: 9192, networkConnectionEnabled: false, pageLoadStrategy: normal, platformName: windows, proxy: Proxy(), se:cdp: ws://localhost:55599/devtoo..., se:cdpVersion: 148.0.7778.218, setWindowRect: true, strictFileInteractability: false, timeouts: {implicit: 0, pageLoad: 300000, script: 30000}, unhandledPromptBehavior: dismiss and notify, webauthn:extension:credBlob: true, webauthn:extension:largeBlob: true, webauthn:extension:minPinLength: true, webauthn:extension:prf: true, webauthn:virtualAuthenticators: true}
Element: [[ChromeDriver: chrome on windows (324fcebb08cadc4184987c66b8352afc)] -> id: singleFileInput]
Session ID: 324fcebb08cadc4184987c66b8352afc
at org.openqa.selenium.remote.ErrorCodec.decode(ErrorCodec.java:167)
at org.openqa.selenium.remote.codec.w3c.W3CHttpResponseCodec.decode(W3CHttpResponseCodec.java:138)
at org.openqa.selenium.remote.codec.w3c.W3CHttpResponseCodec.decode(W3CHttpResponseCodec.java:50)
at org.openqa.selenium.remote.HttpCommandExecutor.execute(HttpCommandExecutor.java:190)
at org.openqa.selenium.remote.service.DriverCommandExecutor.invokeExecute(DriverCommandExecutor.java:216)
at org.openqa.selenium.remote.service.DriverCommandExecutor.execute(DriverCommandExecutor.java:174)
at org.openqa.selenium.remote.RemoteWebDriver.execute(RemoteWebDriver.java:518)
at org.openqa.selenium.remote.RemoteWebElement.execute(RemoteWebElement.java:223)
at org.openqa.selenium.remote.RemoteWebElement.sendKeys(RemoteWebElement.java:110)
at pages.UploadPage.uploadFile(UploadPage.java:22)
at testcases.UploadTest.uploadFileTest(UploadTest.java:19)
at java.base/java.util.ArrayList.forEach(ArrayList.java:1596)
... Removed 28 stack frames]]>
    </failure>
  </testcase> <!-- uploadFileTest -->
  <testcase classname="base.BaseTest" name="@AfterSuite generateReport" time="0.0">
    <ignored/>
  </testcase> <!-- @AfterSuite generateReport -->
  <testcase classname="base.BaseTest" name="@AfterSuite generateReport" time="0.0">
    <ignored/>
  </testcase> <!-- @AfterSuite generateReport -->
  <testcase classname="base.BaseTest" name="@AfterSuite generateReport" time="0.0">
    <ignored/>
  </testcase> <!-- @AfterSuite generateReport -->
  <testcase classname="base.BaseTest" name="@AfterSuite generateReport" time="0.0">
    <ignored/>
  </testcase> <!-- @AfterSuite generateReport -->
  <testcase classname="base.BaseTest" name="@AfterSuite generateReport" time="0.0">
    <ignored/>
  </testcase> <!-- @AfterSuite generateReport -->
  <testcase classname="base.BaseTest" name="@AfterSuite generateReport" time="0.0">
    <ignored/>
  </testcase> <!-- @AfterSuite generateReport -->
</testsuite> <!-- GUI Tests -->
