<?xml version="1.0" encoding="UTF-8"?>
<testng-results ignored="0" total="11" passed="9" failed="2" skipped="0">
  <reporter-output>
  </reporter-output>
  <suite started-at="2026-06-08T17:38:15 IST" name="GUI Automation Framework Suite" finished-at="2026-06-08T17:44:12 IST" duration-ms="356687">
    <groups>
    </groups>
    <test started-at="2026-06-08T17:38:15 IST" name="GUI Tests" finished-at="2026-06-08T17:44:12 IST" duration-ms="356687">
      <class name="testcases.ScrollTest">
        <test-method is-config="true" signature="setup(java.lang.reflect.Method)[pri:0, instance:testcases.ScrollTest@61861a29]" started-at="2026-06-08T17:43:05 IST" name="setup" finished-at="2026-06-08T17:43:09 IST" duration-ms="4519" status="PASS">
          <params>
            <param index="0">
              <value>
                <![CDATA[public void testcases.ScrollTest.scrollValidation() throws java.lang.Exception]]>
              </value>
            </param>
          </params>
          <reporter-output>
          </reporter-output>
        </test-method> <!-- setup -->
        <test-method signature="scrollValidation()[pri:0, instance:testcases.ScrollTest@61861a29]" started-at="2026-06-08T17:43:09 IST" name="scrollValidation" finished-at="2026-06-08T17:43:46 IST" duration-ms="36549" status="PASS">
          <reporter-output>
          </reporter-output>
        </test-method> <!-- scrollValidation -->
        <test-method is-config="true" signature="tearDown(org.testng.ITestResult)[pri:0, instance:testcases.ScrollTest@61861a29]" started-at="2026-06-08T17:43:46 IST" name="tearDown" finished-at="2026-06-08T17:43:51 IST" duration-ms="5248" status="PASS">
          <params>
            <param index="0">
              <value>
                <![CDATA[[TestResult name=scrollValidation status=SUCCESS method=ScrollTest.scrollValidation()[pri:0, instance:testcases.ScrollTest@61861a29] output={null}]]]>
              </value>
            </param>
          </params>
          <reporter-output>
          </reporter-output>
        </test-method> <!-- tearDown -->
      </class> <!-- testcases.ScrollTest -->
      <class name="testcases.AlertTest">
        <test-method is-config="true" signature="setup(java.lang.reflect.Method)[pri:0, instance:testcases.AlertTest@3f23a3a0]" started-at="2026-06-08T17:38:32 IST" name="setup" finished-at="2026-06-08T17:38:37 IST" duration-ms="4582" status="PASS">
          <params>
            <param index="0">
              <value>
                <![CDATA[public void testcases.AlertTest.alertValidation() throws java.lang.Exception]]>
              </value>
            </param>
          </params>
          <reporter-output>
          </reporter-output>
        </test-method> <!-- setup -->
        <test-method signature="alertValidation()[pri:0, instance:testcases.AlertTest@3f23a3a0]" started-at="2026-06-08T17:38:37 IST" name="alertValidation" finished-at="2026-06-08T17:38:51 IST" duration-ms="14218" status="PASS">
          <reporter-output>
          </reporter-output>
        </test-method> <!-- alertValidation -->
        <test-method is-config="true" signature="tearDown(org.testng.ITestResult)[pri:0, instance:testcases.AlertTest@3f23a3a0]" started-at="2026-06-08T17:38:51 IST" name="tearDown" finished-at="2026-06-08T17:38:56 IST" duration-ms="5255" status="PASS">
          <params>
            <param index="0">
              <value>
                <![CDATA[[TestResult name=alertValidation status=SUCCESS method=AlertTest.alertValidation()[pri:0, instance:testcases.AlertTest@3f23a3a0] output={null}]]]>
              </value>
            </param>
          </params>
          <reporter-output>
          </reporter-output>
        </test-method> <!-- tearDown -->
      </class> <!-- testcases.AlertTest -->
      <class name="testcases.FormTest">
        <test-method is-config="true" signature="setup(java.lang.reflect.Method)[pri:0, instance:testcases.FormTest@10c8f62]" started-at="2026-06-08T17:38:15 IST" name="setup" finished-at="2026-06-08T17:38:26 IST" duration-ms="11147" status="PASS">
          <params>
            <param index="0">
              <value>
                <![CDATA[public void testcases.FormTest.fillFormTest() throws java.lang.Exception]]>
              </value>
            </param>
          </params>
          <reporter-output>
          </reporter-output>
        </test-method> <!-- setup -->
        <test-method signature="fillFormTest()[pri:0, instance:testcases.FormTest@10c8f62]" started-at="2026-06-08T17:38:26 IST" name="fillFormTest" finished-at="2026-06-08T17:38:26 IST" duration-ms="97" status="FAIL">
          <exception class="java.io.FileNotFoundException">
            <message>
              <![CDATA[C:\Users\SumanKumar\eclipse-workspace\GUIElement_Capstone\src\test\resources\testdata\TestData1.xlsx (The system cannot find the file specified)]]>
            </message>
            <full-stacktrace>
              <![CDATA[java.io.FileNotFoundException: C:\Users\SumanKumar\eclipse-workspace\GUIElement_Capstone\src\test\resources\testdata\TestData1.xlsx (The system cannot find the file specified)
at java.base/java.io.FileInputStream.open0(Native Method)
at java.base/java.io.FileInputStream.open(FileInputStream.java:213)
at java.base/java.io.FileInputStream.<init>(FileInputStream.java:152)
at java.base/java.io.FileInputStream.<init>(FileInputStream.java:106)
at utilities.ExcelUtils.getCellData(ExcelUtils.java:17)
at testcases.FormTest.fillFormTest(FormTest.java:28)
at java.base/jdk.internal.reflect.DirectMethodHandleAccessor.invoke(DirectMethodHandleAccessor.java:103)
at java.base/java.lang.reflect.Method.invoke(Method.java:580)
at org.testng.internal.invokers.MethodInvocationHelper.invokeMethod(MethodInvocationHelper.java:141)
at org.testng.internal.invokers.TestInvoker.invokeMethod(TestInvoker.java:686)
at org.testng.internal.invokers.TestInvoker.invokeTestMethod(TestInvoker.java:230)
at org.testng.internal.invokers.MethodRunner.runInSequence(MethodRunner.java:63)
at org.testng.internal.invokers.TestInvoker$MethodInvocationAgent.invoke(TestInvoker.java:992)
at org.testng.internal.invokers.TestInvoker.invokeTestMethods(TestInvoker.java:203)
at org.testng.internal.invokers.TestMethodWorker.invokeTestMethods(TestMethodWorker.java:154)
at org.testng.internal.invokers.TestMethodWorker.run(TestMethodWorker.java:134)
at java.base/java.util.ArrayList.forEach(ArrayList.java:1596)
at org.testng.TestRunner.privateRun(TestRunner.java:739)
at org.testng.TestRunner.run(TestRunner.java:614)
at org.testng.SuiteRunner.runTest(SuiteRunner.java:421)
at org.testng.SuiteRunner.runSequentially(SuiteRunner.java:413)
at org.testng.SuiteRunner.privateRun(SuiteRunner.java:373)
at org.testng.SuiteRunner.run(SuiteRunner.java:312)
at org.testng.SuiteRunnerWorker.runSuite(SuiteRunnerWorker.java:52)
at org.testng.SuiteRunnerWorker.run(SuiteRunnerWorker.java:95)
at org.testng.TestNG.runSuitesSequentially(TestNG.java:1274)
at org.testng.TestNG.runSuitesLocally(TestNG.java:1208)
at org.testng.TestNG.runSuites(TestNG.java:1112)
at org.testng.TestNG.run(TestNG.java:1079)
at org.testng.remote.AbstractRemoteTestNG.run(AbstractRemoteTestNG.java:115)
at org.testng.remote.RemoteTestNG.initAndRun(RemoteTestNG.java:293)
at org.testng.remote.RemoteTestNG.main(RemoteTestNG.java:91)
]]>
            </full-stacktrace>
          </exception> <!-- java.io.FileNotFoundException -->
          <reporter-output>
          </reporter-output>
        </test-method> <!-- fillFormTest -->
        <test-method is-config="true" signature="tearDown(org.testng.ITestResult)[pri:0, instance:testcases.FormTest@10c8f62]" started-at="2026-06-08T17:38:27 IST" name="tearDown" finished-at="2026-06-08T17:38:32 IST" duration-ms="5722" status="PASS">
          <params>
            <param index="0">
              <value>
                <![CDATA[[TestResult name=fillFormTest status=FAILURE method=FormTest.fillFormTest()[pri:0, instance:testcases.FormTest@10c8f62] output={null}]]]>
              </value>
            </param>
          </params>
          <reporter-output>
          </reporter-output>
        </test-method> <!-- tearDown -->
        <test-method is-config="true" signature="generateReport()[pri:0, instance:testcases.FormTest@10c8f62]" started-at="2026-06-08T17:44:12 IST" name="generateReport" finished-at="2026-06-08T17:44:13 IST" duration-ms="880" status="PASS">
          <reporter-output>
          </reporter-output>
        </test-method> <!-- generateReport -->
      </class> <!-- testcases.FormTest -->
      <class name="testcases.UploadTest">
        <test-method is-config="true" signature="setup(java.lang.reflect.Method)[pri:0, instance:testcases.UploadTest@31024624]" started-at="2026-06-08T17:43:51 IST" name="setup" finished-at="2026-06-08T17:44:00 IST" duration-ms="9159" status="PASS">
          <params>
            <param index="0">
              <value>
                <![CDATA[public void testcases.UploadTest.uploadFileTest() throws java.lang.Exception]]>
              </value>
            </param>
          </params>
          <reporter-output>
          </reporter-output>
        </test-method> <!-- setup -->
        <test-method signature="uploadFileTest()[pri:0, instance:testcases.UploadTest@31024624]" started-at="2026-06-08T17:44:00 IST" name="uploadFileTest" finished-at="2026-06-08T17:44:06 IST" duration-ms="6169" status="FAIL">
          <exception class="org.openqa.selenium.InvalidArgumentException">
            <message>
              <![CDATA[invalid argument: File not found : C:\Users\naren\OneDrive\TestData1.xlsx
  (Session info: chrome=148.0.7778.218)
Build info: version: '4.22.0', revision: 'c5f3146703*'
System info: os.name: 'Windows 11', os.arch: 'amd64', os.version: '10.0', java.version: '21.0.10'
Driver info: org.openqa.selenium.chrome.ChromeDriver
Command: [324fcebb08cadc4184987c66b8352afc, sendKeysToElement {value=[Ljava.lang.CharSequence;@33e4b9c4, id=f.A6D576C6F6B253996354CCC8F2B97DA8.d.FB33A211A58F627363253F9C1E1156E9.e.165}]
Capabilities {acceptInsecureCerts: false, browserName: chrome, browserVersion: 148.0.7778.218, chrome: {chromedriverVersion: 148.0.7778.178 (d096af1c9e9..., userDataDir: C:\Users\SUMANK~1\AppData\L...}, fedcm:accounts: true, goog:chromeOptions: {debuggerAddress: localhost:55599}, goog:processID: 9192, networkConnectionEnabled: false, pageLoadStrategy: normal, platformName: windows, proxy: Proxy(), se:cdp: ws://localhost:55599/devtoo..., se:cdpVersion: 148.0.7778.218, setWindowRect: true, strictFileInteractability: false, timeouts: {implicit: 0, pageLoad: 300000, script: 30000}, unhandledPromptBehavior: dismiss and notify, webauthn:extension:credBlob: true, webauthn:extension:largeBlob: true, webauthn:extension:minPinLength: true, webauthn:extension:prf: true, webauthn:virtualAuthenticators: true}
Element: [[ChromeDriver: chrome on windows (324fcebb08cadc4184987c66b8352afc)] -> id: singleFileInput]
Session ID: 324fcebb08cadc4184987c66b8352afc]]>
            </message>
            <full-stacktrace>
              <![CDATA[org.openqa.selenium.InvalidArgumentException: invalid argument: File not found : C:\Users\naren\OneDrive\TestData1.xlsx
  (Session info: chrome=148.0.7778.218)
Build info: version: '4.22.0', revision: 'c5f3146703*'
System info: os.name: 'Windows 11', os.arch: 'amd64', os.version: '10.0', java.version: '21.0.10'
Driver info: org.openqa.selenium.chrome.ChromeDriver
Command: [324fcebb08cadc4184987c66b8352afc, sendKeysToElement {value=[Ljava.lang.CharSequence;@33e4b9c4, id=f.A6D576C6F6B253996354CCC8F2B97DA8.d.FB33A211A58F627363253F9C1E1156E9.e.165}]
Capabilities {acceptInsecureCerts: false, browserName: chrome, browserVersion: 148.0.7778.218, chrome: {chromedriverVersion: 148.0.7778.178 (d096af1c9e9..., userDataDir: C:\Users\SUMANK~1\AppData\L...}, fedcm:accounts: true, goog:chromeOptions: {debuggerAddress: localhost:55599}, goog:processID: 9192, networkConnectionEnabled: false, pageLoadStrategy: normal, platformName: windows, proxy: Proxy(), se:cdp: ws://localhost:55599/devtoo..., se:cdpVersion: 148.0.7778.218, setWindowRect: true, strictFileInteractability: false, timeouts: {implicit: 0, pageLoad: 300000, script: 30000}, unhandledPromptBehavior: dismiss and notify, webauthn:extension:credBlob: true, webauthn:extension:largeBlob: true, webauthn:extension:minPinLength: true, webauthn:extension:prf: true, webauthn:virtualAuthenticators: true}
Element: [[ChromeDriver: chrome on windows (324fcebb08cadc4184987c66b8352afc)] -> id: singleFileInput]
Session ID: 324fcebb08cadc4184987c66b8352afc
at java.base/jdk.internal.reflect.DirectConstructorHandleAccessor.newInstance(DirectConstructorHandleAccessor.java:62)
at java.base/java.lang.reflect.Constructor.newInstanceWithCaller(Constructor.java:502)
at java.base/java.lang.reflect.Constructor.newInstance(Constructor.java:486)
at org.openqa.selenium.remote.ErrorCodec.decode(ErrorCodec.java:167)
at org.openqa.selenium.remote.codec.w3c.W3CHttpResponseCodec.decode(W3CHttpResponseCodec.java:138)
at org.openqa.selenium.remote.codec.w3c.W3CHttpResponseCodec.decode(W3CHttpResponseCodec.java:50)
at org.openqa.selenium.remote.HttpCommandExecutor.execute(HttpCommandExecutor.java:190)
at org.openqa.selenium.remote.service.DriverCommandExecutor.invokeExecute(DriverCommandExecutor.java:216)
at org.openqa.selenium.remote.service.DriverCommandExecutor.execute(DriverCommandExecutor.java:174)
at org.openqa.selenium.remote.RemoteWebDriver.execute(RemoteWebDriver.java:518)
at org.openqa.selenium.remote.RemoteWebElement.execute(RemoteWebElement.java:223)
at org.openqa.selenium.remote.RemoteWebElement.sendKeys(RemoteWebElement.java:110)
at pages.UploadPage.uploadFile(UploadPage.java:22)
at testcases.UploadTest.uploadFileTest(UploadTest.java:19)
at java.base/jdk.internal.reflect.DirectMethodHandleAccessor.invoke(DirectMethodHandleAccessor.java:103)
at java.base/java.lang.reflect.Method.invoke(Method.java:580)
at org.testng.internal.invokers.MethodInvocationHelper.invokeMethod(MethodInvocationHelper.java:141)
at org.testng.internal.invokers.TestInvoker.invokeMethod(TestInvoker.java:686)
at org.testng.internal.invokers.TestInvoker.invokeTestMethod(TestInvoker.java:230)
at org.testng.internal.invokers.MethodRunner.runInSequence(MethodRunner.java:63)
at org.testng.internal.invokers.TestInvoker$MethodInvocationAgent.invoke(TestInvoker.java:992)
at org.testng.internal.invokers.TestInvoker.invokeTestMethods(TestInvoker.java:203)
at org.testng.internal.invokers.TestMethodWorker.invokeTestMethods(TestMethodWorker.java:154)
at org.testng.internal.invokers.TestMethodWorker.run(TestMethodWorker.java:134)
at java.base/java.util.ArrayList.forEach(ArrayList.java:1596)
at org.testng.TestRunner.privateRun(TestRunner.java:739)
at org.testng.TestRunner.run(TestRunner.java:614)
at org.testng.SuiteRunner.runTest(SuiteRunner.java:421)
at org.testng.SuiteRunner.runSequentially(SuiteRunner.java:413)
at org.testng.SuiteRunner.privateRun(SuiteRunner.java:373)
at org.testng.SuiteRunner.run(SuiteRunner.java:312)
at org.testng.SuiteRunnerWorker.runSuite(SuiteRunnerWorker.java:52)
at org.testng.SuiteRunnerWorker.run(SuiteRunnerWorker.java:95)
at org.testng.TestNG.runSuitesSequentially(TestNG.java:1274)
at org.testng.TestNG.runSuitesLocally(TestNG.java:1208)
at org.testng.TestNG.runSuites(TestNG.java:1112)
at org.testng.TestNG.run(TestNG.java:1079)
at org.testng.remote.AbstractRemoteTestNG.run(AbstractRemoteTestNG.java:115)
at org.testng.remote.RemoteTestNG.initAndRun(RemoteTestNG.java:293)
at org.testng.remote.RemoteTestNG.main(RemoteTestNG.java:91)
]]>
            </full-stacktrace>
          </exception> <!-- org.openqa.selenium.InvalidArgumentException -->
          <reporter-output>
          </reporter-output>
        </test-method> <!-- uploadFileTest -->
        <test-method is-config="true" signature="tearDown(org.testng.ITestResult)[pri:0, instance:testcases.UploadTest@31024624]" started-at="2026-06-08T17:44:06 IST" name="tearDown" finished-at="2026-06-08T17:44:12 IST" duration-ms="5540" status="PASS">
          <params>
            <param index="0">
              <value>
                <![CDATA[[TestResult name=uploadFileTest status=FAILURE method=UploadTest.uploadFileTest()[pri:0, instance:testcases.UploadTest@31024624] output={null}]]]>
              </value>
            </param>
          </params>
          <reporter-output>
          </reporter-output>
        </test-method> <!-- tearDown -->
      </class> <!-- testcases.UploadTest -->
      <class name="testcases.DragDropTest">
        <test-method is-config="true" signature="setup(java.lang.reflect.Method)[pri:0, instance:testcases.DragDropTest@5ab14cb9]" started-at="2026-06-08T17:38:56 IST" name="setup" finished-at="2026-06-08T17:39:01 IST" duration-ms="4266" status="PASS">
          <params>
            <param index="0">
              <value>
                <![CDATA[public void testcases.DragDropTest.dragDropValidation() throws java.lang.Exception]]>
              </value>
            </param>
          </params>
          <reporter-output>
          </reporter-output>
        </test-method> <!-- setup -->
        <test-method signature="dragDropValidation()[pri:0, instance:testcases.DragDropTest@5ab14cb9]" started-at="2026-06-08T17:39:01 IST" name="dragDropValidation" finished-at="2026-06-08T17:39:21 IST" duration-ms="20436" status="PASS">
          <reporter-output>
          </reporter-output>
        </test-method> <!-- dragDropValidation -->
        <test-method is-config="true" signature="tearDown(org.testng.ITestResult)[pri:0, instance:testcases.DragDropTest@5ab14cb9]" started-at="2026-06-08T17:39:21 IST" name="tearDown" finished-at="2026-06-08T17:39:26 IST" duration-ms="5289" status="PASS">
          <params>
            <param index="0">
              <value>
                <![CDATA[[TestResult name=dragDropValidation status=SUCCESS method=DragDropTest.dragDropValidation()[pri:0, instance:testcases.DragDropTest@5ab14cb9] output={null}]]]>
              </value>
            </param>
          </params>
          <reporter-output>
          </reporter-output>
        </test-method> <!-- tearDown -->
      </class> <!-- testcases.DragDropTest -->
      <class name="testcases.NavigationScrollTest">
        <test-method is-config="true" signature="setup(java.lang.reflect.Method)[pri:0, instance:testcases.NavigationScrollTest@439a8f59]" started-at="2026-06-08T17:40:04 IST" name="setup" finished-at="2026-06-08T17:40:09 IST" duration-ms="5301" status="PASS">
          <params>
            <param index="0">
              <value>
                <![CDATA[public void testcases.NavigationScrollTest.homeSection() throws java.lang.Exception]]>
              </value>
            </param>
          </params>
          <reporter-output>
          </reporter-output>
        </test-method> <!-- setup -->
        <test-method signature="homeSection()[pri:1, instance:testcases.NavigationScrollTest@439a8f59]" started-at="2026-06-08T17:40:09 IST" name="homeSection" finished-at="2026-06-08T17:40:27 IST" duration-ms="18460" status="PASS">
          <reporter-output>
          </reporter-output>
        </test-method> <!-- homeSection -->
        <test-method is-config="true" signature="tearDown(org.testng.ITestResult)[pri:0, instance:testcases.NavigationScrollTest@439a8f59]" started-at="2026-06-08T17:40:27 IST" name="tearDown" finished-at="2026-06-08T17:40:33 IST" duration-ms="5354" status="PASS">
          <params>
            <param index="0">
              <value>
                <![CDATA[[TestResult name=homeSection status=SUCCESS method=NavigationScrollTest.homeSection()[pri:1, instance:testcases.NavigationScrollTest@439a8f59] output={null}]]]>
              </value>
            </param>
          </params>
          <reporter-output>
          </reporter-output>
        </test-method> <!-- tearDown -->
        <test-method is-config="true" signature="setup(java.lang.reflect.Method)[pri:0, instance:testcases.NavigationScrollTest@439a8f59]" started-at="2026-06-08T17:40:33 IST" name="setup" finished-at="2026-06-08T17:40:35 IST" duration-ms="2277" status="PASS">
          <params>
            <param index="0">
              <value>
                <![CDATA[public void testcases.NavigationScrollTest.udemySection() throws java.lang.Exception]]>
              </value>
            </param>
          </params>
          <reporter-output>
          </reporter-output>
        </test-method> <!-- setup -->
        <test-method signature="udemySection()[pri:2, instance:testcases.NavigationScrollTest@439a8f59]" started-at="2026-06-08T17:40:35 IST" name="udemySection" finished-at="2026-06-08T17:41:28 IST" duration-ms="52751" status="PASS">
          <reporter-output>
          </reporter-output>
        </test-method> <!-- udemySection -->
        <test-method is-config="true" signature="tearDown(org.testng.ITestResult)[pri:0, instance:testcases.NavigationScrollTest@439a8f59]" started-at="2026-06-08T17:41:28 IST" name="tearDown" finished-at="2026-06-08T17:41:33 IST" duration-ms="5375" status="PASS">
          <params>
            <param index="0">
              <value>
                <![CDATA[[TestResult name=udemySection status=SUCCESS method=NavigationScrollTest.udemySection()[pri:2, instance:testcases.NavigationScrollTest@439a8f59] output={null}]]]>
              </value>
            </param>
          </params>
          <reporter-output>
          </reporter-output>
        </test-method> <!-- tearDown -->
        <test-method is-config="true" signature="setup(java.lang.reflect.Method)[pri:0, instance:testcases.NavigationScrollTest@439a8f59]" started-at="2026-06-08T17:41:33 IST" name="setup" finished-at="2026-06-08T17:41:38 IST" duration-ms="4938" status="PASS">
          <params>
            <param index="0">
              <value>
                <![CDATA[public void testcases.NavigationScrollTest.onlineTrainingSection() throws java.lang.Exception]]>
              </value>
            </param>
          </params>
          <reporter-output>
          </reporter-output>
        </test-method> <!-- setup -->
        <test-method signature="onlineTrainingSection()[pri:3, instance:testcases.NavigationScrollTest@439a8f59]" started-at="2026-06-08T17:41:38 IST" name="onlineTrainingSection" finished-at="2026-06-08T17:42:02 IST" duration-ms="23569" status="PASS">
          <reporter-output>
          </reporter-output>
        </test-method> <!-- onlineTrainingSection -->
        <test-method is-config="true" signature="tearDown(org.testng.ITestResult)[pri:0, instance:testcases.NavigationScrollTest@439a8f59]" started-at="2026-06-08T17:42:02 IST" name="tearDown" finished-at="2026-06-08T17:42:07 IST" duration-ms="5326" status="PASS">
          <params>
            <param index="0">
              <value>
                <![CDATA[[TestResult name=onlineTrainingSection status=SUCCESS method=NavigationScrollTest.onlineTrainingSection()[pri:3, instance:testcases.NavigationScrollTest@439a8f59] output={null}]]]>
              </value>
            </param>
          </params>
          <reporter-output>
          </reporter-output>
        </test-method> <!-- tearDown -->
        <test-method is-config="true" signature="setup(java.lang.reflect.Method)[pri:0, instance:testcases.NavigationScrollTest@439a8f59]" started-at="2026-06-08T17:42:07 IST" name="setup" finished-at="2026-06-08T17:42:12 IST" duration-ms="5024" status="PASS">
          <params>
            <param index="0">
              <value>
                <![CDATA[public void testcases.NavigationScrollTest.blogSection() throws java.lang.Exception]]>
              </value>
            </param>
          </params>
          <reporter-output>
          </reporter-output>
        </test-method> <!-- setup -->
        <test-method signature="blogSection()[pri:4, instance:testcases.NavigationScrollTest@439a8f59]" started-at="2026-06-08T17:42:12 IST" name="blogSection" finished-at="2026-06-08T17:42:31 IST" duration-ms="19235" status="PASS">
          <reporter-output>
          </reporter-output>
        </test-method> <!-- blogSection -->
        <test-method is-config="true" signature="tearDown(org.testng.ITestResult)[pri:0, instance:testcases.NavigationScrollTest@439a8f59]" started-at="2026-06-08T17:42:31 IST" name="tearDown" finished-at="2026-06-08T17:42:37 IST" duration-ms="5275" status="PASS">
          <params>
            <param index="0">
              <value>
                <![CDATA[[TestResult name=blogSection status=SUCCESS method=NavigationScrollTest.blogSection()[pri:4, instance:testcases.NavigationScrollTest@439a8f59] output={null}]]]>
              </value>
            </param>
          </params>
          <reporter-output>
          </reporter-output>
        </test-method> <!-- tearDown -->
        <test-method is-config="true" signature="setup(java.lang.reflect.Method)[pri:0, instance:testcases.NavigationScrollTest@439a8f59]" started-at="2026-06-08T17:42:37 IST" name="setup" finished-at="2026-06-08T17:42:41 IST" duration-ms="4310" status="PASS">
          <params>
            <param index="0">
              <value>
                <![CDATA[public void testcases.NavigationScrollTest.playwrightPracticeSection() throws java.lang.Exception]]>
              </value>
            </param>
          </params>
          <reporter-output>
          </reporter-output>
        </test-method> <!-- setup -->
        <test-method signature="playwrightPracticeSection()[pri:5, instance:testcases.NavigationScrollTest@439a8f59]" started-at="2026-06-08T17:42:41 IST" name="playwrightPracticeSection" finished-at="2026-06-08T17:42:59 IST" duration-ms="18368" status="PASS">
          <reporter-output>
          </reporter-output>
        </test-method> <!-- playwrightPracticeSection -->
        <test-method is-config="true" signature="tearDown(org.testng.ITestResult)[pri:0, instance:testcases.NavigationScrollTest@439a8f59]" started-at="2026-06-08T17:42:59 IST" name="tearDown" finished-at="2026-06-08T17:43:05 IST" duration-ms="5317" status="PASS">
          <params>
            <param index="0">
              <value>
                <![CDATA[[TestResult name=playwrightPracticeSection status=SUCCESS method=NavigationScrollTest.playwrightPracticeSection()[pri:5, instance:testcases.NavigationScrollTest@439a8f59] output={null}]]]>
              </value>
            </param>
          </params>
          <reporter-output>
          </reporter-output>
        </test-method> <!-- tearDown -->
      </class> <!-- testcases.NavigationScrollTest -->
      <class name="testcases.MouseActionTest">
        <test-method is-config="true" signature="setup(java.lang.reflect.Method)[pri:0, instance:testcases.MouseActionTest@5fb97279]" started-at="2026-06-08T17:39:26 IST" name="setup" finished-at="2026-06-08T17:39:31 IST" duration-ms="4473" status="PASS">
          <params>
            <param index="0">
              <value>
                <![CDATA[public void testcases.MouseActionTest.mouseActionValidation() throws java.lang.Exception]]>
              </value>
            </param>
          </params>
          <reporter-output>
          </reporter-output>
        </test-method> <!-- setup -->
        <test-method signature="mouseActionValidation()[pri:0, instance:testcases.MouseActionTest@5fb97279]" started-at="2026-06-08T17:39:31 IST" name="mouseActionValidation" finished-at="2026-06-08T17:39:58 IST" duration-ms="27460" status="PASS">
          <reporter-output>
          </reporter-output>
        </test-method> <!-- mouseActionValidation -->
        <test-method is-config="true" signature="tearDown(org.testng.ITestResult)[pri:0, instance:testcases.MouseActionTest@5fb97279]" started-at="2026-06-08T17:39:58 IST" name="tearDown" finished-at="2026-06-08T17:40:04 IST" duration-ms="5423" status="PASS">
          <params>
            <param index="0">
              <value>
                <![CDATA[[TestResult name=mouseActionValidation status=SUCCESS method=MouseActionTest.mouseActionValidation()[pri:0, instance:testcases.MouseActionTest@5fb97279] output={null}]]]>
              </value>
            </param>
          </params>
          <reporter-output>
          </reporter-output>
        </test-method> <!-- tearDown -->
      </class> <!-- testcases.MouseActionTest -->
    </test> <!-- GUI Tests -->
  </suite> <!-- GUI Automation Framework Suite -->
</testng-results>
