<?xml version="1.0" encoding="UTF-8"?>
<testng-results ignored="0" total="1" passed="1" failed="0" skipped="0">
  <reporter-output>
  </reporter-output>
  <suite started-at="2026-06-06T12:58:36 IST" name="CapstoneSuite" finished-at="2026-06-06T12:58:59 IST" duration-ms="23475">
    <groups>
    </groups>
    <test started-at="2026-06-06T12:58:36 IST" name="GUIElementsTest" finished-at="2026-06-06T12:58:59 IST" duration-ms="23475">
      <class name="tests.GUIElementsTest">
        <test-method is-config="true" signature="setup()[pri:0, instance:tests.GUIElementsTest@3754a4bf]" started-at="2026-06-06T12:58:36 IST" name="setup" finished-at="2026-06-06T12:58:45 IST" duration-ms="9379" status="PASS">
          <reporter-output>
          </reporter-output>
        </test-method> <!-- setup -->
        <test-method signature="automateGUIElements()[pri:0, instance:tests.GUIElementsTest@3754a4bf]" started-at="2026-06-06T12:58:45 IST" name="automateGUIElements" finished-at="2026-06-06T12:58:59 IST" duration-ms="13586" status="PASS">
          <reporter-output>
          </reporter-output>
        </test-method> <!-- automateGUIElements -->
        <test-method is-config="true" signature="tearDown()[pri:0, instance:tests.GUIElementsTest@3754a4bf]" started-at="2026-06-06T12:58:59 IST" name="tearDown" finished-at="2026-06-06T12:58:59 IST" duration-ms="414" status="PASS">
          <reporter-output>
          </reporter-output>
        </test-method> <!-- tearDown -->
      </class> <!-- tests.GUIElementsTest -->
    </test> <!-- GUIElementsTest -->
  </suite> <!-- CapstoneSuite -->
</testng-results>
