<?xml version="1.0" encoding="UTF-8"?>
<!-- Generated by org.testng.reporters.JUnitReportReporter -->
<testsuite hostname="DESKTOP-EGGGCKN" failures="0" tests="5" name="testcases.NavigationScrollTest" time="180.880" errors="0" timestamp="2026-06-08T17:44:13 IST" skipped="0">
  <testcase classname="testcases.NavigationScrollTest" name="homeSection" time="28.045"/>
  <testcase classname="testcases.NavigationScrollTest" name="udemySection" time="63.129"/>
  <testcase classname="testcases.NavigationScrollTest" name="onlineTrainingSection" time="31.221"/>
  <testcase classname="testcases.NavigationScrollTest" name="blogSection" time="29.499"/>
  <testcase classname="testcases.NavigationScrollTest" name="playwrightPracticeSection" time="28.986"/>
</testsuite> <!-- testcases.NavigationScrollTest -->
