<?xml version="1.0" encoding="UTF-8"?>
<testng-results ignored="0" total="1" passed="1" failed="0" skipped="0">
  <reporter-output>
  </reporter-output>
  <suite started-at="2026-06-06T12:26:45 IST" name="ParaBankSuite" finished-at="2026-06-06T12:27:00 IST" duration-ms="15308">
    <groups>
    </groups>
    <test started-at="2026-06-06T12:26:45 IST" name="RegistrationTest" finished-at="2026-06-06T12:27:00 IST" duration-ms="15308">
      <class name="tests.ParaBankTest">
        <test-method is-config="true" signature="setup()[pri:0, instance:tests.ParaBankTest@3754a4bf]" started-at="2026-06-06T12:26:45 IST" name="setup" finished-at="2026-06-06T12:26:50 IST" duration-ms="5085" status="PASS">
          <reporter-output>
          </reporter-output>
        </test-method> <!-- setup -->
        <test-method signature="registerAndLoginTest()[pri:0, instance:tests.ParaBankTest@3754a4bf]" started-at="2026-06-06T12:26:50 IST" name="registerAndLoginTest" finished-at="2026-06-06T12:27:00 IST" duration-ms="9734" status="PASS">
          <reporter-output>
          </reporter-output>
        </test-method> <!-- registerAndLoginTest -->
        <test-method is-config="true" signature="tearDown()[pri:0, instance:tests.ParaBankTest@3754a4bf]" started-at="2026-06-06T12:27:00 IST" name="tearDown" finished-at="2026-06-06T12:27:00 IST" duration-ms="357" status="PASS">
          <reporter-output>
          </reporter-output>
        </test-method> <!-- tearDown -->
      </class> <!-- tests.ParaBankTest -->
    </test> <!-- RegistrationTest -->
  </suite> <!-- ParaBankSuite -->
</testng-results>
