<?xml version="1.0" encoding="UTF-8"?>
<!-- Generated by org.testng.reporters.JUnitReportReporter -->
<testsuite hostname="DESKTOP-EGGGCKN" failures="0" tests="5" name="testcases.NavigationScrollTest" time="127.125" errors="0" timestamp="2026-06-13T00:31:24 IST" skipped="0">
  <testcase classname="testcases.NavigationScrollTest" name="homeSection" time="24.961"/>
  <testcase classname="testcases.NavigationScrollTest" name="udemySection" time="26.013"/>
  <testcase classname="testcases.NavigationScrollTest" name="onlineTrainingSection" time="24.357"/>
  <testcase classname="testcases.NavigationScrollTest" name="blogSection" time="26.409"/>
  <testcase classname="testcases.NavigationScrollTest" name="playwrightPracticeSection" time="25.385"/>
</testsuite> <!-- testcases.NavigationScrollTest -->
